<?xml version="1.0" encoding="UTF-8"?>
<testsuite xmlns:xsi="http://www.w3.org/2001/XMLSchema-instance" xsi:noNamespaceSchemaLocation="https://maven.apache.org/surefire/maven-surefire-plugin/xsd/surefire-test-report.xsd" name="collectionstest.ProfileRepoImplTest" time="4.894" tests="1" errors="0" skipped="0" failures="1">
  <properties>
    <property name="sun.desktop" value="windows"/>
    <property name="awt.toolkit" value="sun.awt.windows.WToolkit"/>
    <property name="file.encoding.pkg" value="sun.io"/>
    <property name="java.specification.version" value="1.8"/>
    <property name="sun.cpu.isalist" value="amd64"/>
    <property name="sun.jnu.encoding" value="Cp1252"/>
    <property name="java.class.path" value="C:\Users\Art Weinstein\Desktop\ProjectApp\ProjectOneApp\target\test-classes;C:\Users\Art Weinstein\Desktop\ProjectApp\ProjectOneApp\target\classes;C:\Users\Art Weinstein\.m2\repository\org\junit\jupiter\junit-jupiter-engine\5.8.2\junit-jupiter-engine-5.8.2.jar;C:\Users\Art Weinstein\.m2\repository\org\junit\platform\junit-platform-engine\1.8.2\junit-platform-engine-1.8.2.jar;C:\Users\Art Weinstein\.m2\repository\org\opentest4j\opentest4j\1.2.0\opentest4j-1.2.0.jar;C:\Users\Art Weinstein\.m2\repository\org\junit\platform\junit-platform-commons\1.8.2\junit-platform-commons-1.8.2.jar;C:\Users\Art Weinstein\.m2\repository\org\junit\jupiter\junit-jupiter-api\5.8.2\junit-jupiter-api-5.8.2.jar;C:\Users\Art Weinstein\.m2\repository\org\apiguardian\apiguardian-api\1.1.2\apiguardian-api-1.1.2.jar;C:\Users\Art Weinstein\.m2\repository\org\example\profileORM\1.0-SNAPSHOT\profileORM-1.0-SNAPSHOT.jar;C:\Users\Art Weinstein\.m2\repository\org\ProjectOne\ProjectOneApp\1.0-SNAPSHOT\ProjectOneApp-1.0-SNAPSHOT.jar;C:\Users\Art Weinstein\.m2\repository\org\apache\logging\log4j\log4j-core\2.14.1\log4j-core-2.14.1.jar;C:\Users\Art Weinstein\.m2\repository\org\apache\logging\log4j\log4j-api\2.14.1\log4j-api-2.14.1.jar;C:\Users\Art Weinstein\.m2\repository\javax\servlet\javax.servlet-api\4.0.1\javax.servlet-api-4.0.1.jar;C:\Users\Art Weinstein\.m2\repository\com\google\code\gson\gson\2.8.6\gson-2.8.6.jar;C:\Users\Art Weinstein\.m2\repository\org\postgresql\postgresql\42.3.1\postgresql-42.3.1.jar;C:\Users\Art Weinstein\.m2\repository\org\checkerframework\checker-qual\3.5.0\checker-qual-3.5.0.jar;C:\Users\Art Weinstein\.m2\repository\org\webjars\bower\DataTables\1.10.13\DataTables-1.10.13.jar;C:\Users\Art Weinstein\.m2\repository\org\webjars\bower\jquery\3.6.0\jquery-3.6.0.jar;"/>
    <property name="java.vm.vendor" value="Oracle Corporation"/>
    <property name="sun.arch.data.model" value="64"/>
    <property name="user.variant" value=""/>
    <property name="java.vendor.url" value="http://java.oracle.com/"/>
    <property name="user.timezone" value="America/Los_Angeles"/>
    <property name="java.vm.specification.version" value="1.8"/>
    <property name="os.name" value="Windows 10"/>
    <property name="user.country" value="US"/>
    <property name="sun.java.launcher" value="SUN_STANDARD"/>
    <property name="sun.boot.library.path" value="C:\Program Files\Java\jdk1.8.0_311\jre\bin"/>
    <property name="sun.java.command" value="C:\Users\ARTWEI~1\AppData\Local\Temp\surefire3479696287399809149\surefirebooter1745951509611205927.jar C:\Users\Art Weinstein\AppData\Local\Temp\surefire3479696287399809149 2022-02-06T15-35-44_958-jvmRun1 surefire687592986807288375tmp surefire_03014347128874665129tmp"/>
    <property name="surefire.test.class.path" value="C:\Users\Art Weinstein\Desktop\ProjectApp\ProjectOneApp\target\test-classes;C:\Users\Art Weinstein\Desktop\ProjectApp\ProjectOneApp\target\classes;C:\Users\Art Weinstein\.m2\repository\org\junit\jupiter\junit-jupiter-engine\5.8.2\junit-jupiter-engine-5.8.2.jar;C:\Users\Art Weinstein\.m2\repository\org\junit\platform\junit-platform-engine\1.8.2\junit-platform-engine-1.8.2.jar;C:\Users\Art Weinstein\.m2\repository\org\opentest4j\opentest4j\1.2.0\opentest4j-1.2.0.jar;C:\Users\Art Weinstein\.m2\repository\org\junit\platform\junit-platform-commons\1.8.2\junit-platform-commons-1.8.2.jar;C:\Users\Art Weinstein\.m2\repository\org\junit\jupiter\junit-jupiter-api\5.8.2\junit-jupiter-api-5.8.2.jar;C:\Users\Art Weinstein\.m2\repository\org\apiguardian\apiguardian-api\1.1.2\apiguardian-api-1.1.2.jar;C:\Users\Art Weinstein\.m2\repository\org\example\profileORM\1.0-SNAPSHOT\profileORM-1.0-SNAPSHOT.jar;C:\Users\Art Weinstein\.m2\repository\org\ProjectOne\ProjectOneApp\1.0-SNAPSHOT\ProjectOneApp-1.0-SNAPSHOT.jar;C:\Users\Art Weinstein\.m2\repository\org\apache\logging\log4j\log4j-core\2.14.1\log4j-core-2.14.1.jar;C:\Users\Art Weinstein\.m2\repository\org\apache\logging\log4j\log4j-api\2.14.1\log4j-api-2.14.1.jar;C:\Users\Art Weinstein\.m2\repository\javax\servlet\javax.servlet-api\4.0.1\javax.servlet-api-4.0.1.jar;C:\Users\Art Weinstein\.m2\repository\com\google\code\gson\gson\2.8.6\gson-2.8.6.jar;C:\Users\Art Weinstein\.m2\repository\org\postgresql\postgresql\42.3.1\postgresql-42.3.1.jar;C:\Users\Art Weinstein\.m2\repository\org\checkerframework\checker-qual\3.5.0\checker-qual-3.5.0.jar;C:\Users\Art Weinstein\.m2\repository\org\webjars\bower\DataTables\1.10.13\DataTables-1.10.13.jar;C:\Users\Art Weinstein\.m2\repository\org\webjars\bower\jquery\3.6.0\jquery-3.6.0.jar;"/>
    <property name="sun.cpu.endian" value="little"/>
    <property name="user.home" value="C:\Users\Art Weinstein"/>
    <property name="user.language" value="en"/>
    <property name="java.specification.vendor" value="Oracle Corporation"/>
    <property name="java.home" value="C:\Program Files\Java\jdk1.8.0_311\jre"/>
    <property name="basedir" value="C:\Users\Art Weinstein\Desktop\ProjectApp\ProjectOneApp"/>
    <property name="file.separator" value="\"/>
    <property name="line.separator" value="&#10;"/>
    <property name="java.vm.specification.vendor" value="Oracle Corporation"/>
    <property name="java.specification.name" value="Java Platform API Specification"/>
    <property name="java.awt.graphicsenv" value="sun.awt.Win32GraphicsEnvironment"/>
    <property name="surefire.real.class.path" value="C:\Users\ARTWEI~1\AppData\Local\Temp\surefire3479696287399809149\surefirebooter1745951509611205927.jar"/>
    <property name="sun.boot.class.path" value="C:\Program Files\Java\jdk1.8.0_311\jre\lib\resources.jar;C:\Program Files\Java\jdk1.8.0_311\jre\lib\rt.jar;C:\Program Files\Java\jdk1.8.0_311\jre\lib\sunrsasign.jar;C:\Program Files\Java\jdk1.8.0_311\jre\lib\jsse.jar;C:\Program Files\Java\jdk1.8.0_311\jre\lib\jce.jar;C:\Program Files\Java\jdk1.8.0_311\jre\lib\charsets.jar;C:\Program Files\Java\jdk1.8.0_311\jre\lib\jfr.jar;C:\Program Files\Java\jdk1.8.0_311\jre\classes"/>
    <property name="user.script" value=""/>
    <property name="sun.management.compiler" value="HotSpot 64-Bit Tiered Compilers"/>
    <property name="java.runtime.version" value="1.8.0_311-b11"/>
    <property name="user.name" value="Art Weinstein"/>
    <property name="path.separator" value=";"/>
    <property name="os.version" value="10.0"/>
    <property name="java.endorsed.dirs" value="C:\Program Files\Java\jdk1.8.0_311\jre\lib\endorsed"/>
    <property name="java.runtime.name" value="Java(TM) SE Runtime Environment"/>
    <property name="file.encoding" value="Cp1252"/>
    <property name="java.vm.name" value="Java HotSpot(TM) 64-Bit Server VM"/>
    <property name="localRepository" value="C:\Users\Art Weinstein\.m2\repository"/>
    <property name="java.vendor.url.bug" value="http://bugreport.sun.com/bugreport/"/>
    <property name="java.io.tmpdir" value="C:\Users\ARTWEI~1\AppData\Local\Temp\"/>
    <property name="java.version" value="1.8.0_311"/>
    <property name="user.dir" value="C:\Users\Art Weinstein\Desktop\ProjectApp\ProjectOneApp"/>
    <property name="os.arch" value="amd64"/>
    <property name="java.vm.specification.name" value="Java Virtual Machine Specification"/>
    <property name="java.awt.printerjob" value="sun.awt.windows.WPrinterJob"/>
    <property name="sun.os.patch.level" value=""/>
    <property name="java.library.path" value="C:\Program Files\Java\jdk1.8.0_311\jre\bin;C:\WINDOWS\Sun\Java\bin;C:\WINDOWS\system32;C:\WINDOWS;C:\Program Files (x86)\Common Files\Oracle\Java\javapath;C:\Program Files\Oculus\Support\oculus-runtime;C:\Program Files (x86)\Razer\ChromaBroadcast\bin;C:\Program Files\Razer\ChromaBroadcast\bin;C:\Program Files (x86)\Razer Chroma SDK\bin;C:\Program Files\Razer Chroma SDK\bin;C:\Windows\system32;C:\Windows;C:\Windows\System32\Wbem;C:\Windows\System32\WindowsPowerShell\v1.0\;C:\Windows\System32\OpenSSH\;C:\Program Files\NVIDIA Corporation\NVIDIA NvDLISR;C:\Program Files (x86)\NVIDIA Corporation\PhysX\Common;C:\Windows\system32\config\systemprofile\AppData\Local\Microsoft\WindowsApps;C:\WINDOWS\system32;C:\WINDOWS;C:\WINDOWS\System32\Wbem;C:\WINDOWS\System32\WindowsPowerShell\v1.0\;C:\WINDOWS\System32\OpenSSH\;C:\Program Files\Git\cmd;C:\Program Files\nodejs\;C:\Program Files\dotnet\;C:\Program Files\MySQL\MySQL Server 8.0\bin;C:\Users\Art Weinstein\apache-maven-3.8.4\bin;C:\Program Files\Java\jdk1.8.0_311\bin;C:\Users\Art Weinstein\AppData\Local\Microsoft\WindowsApps;;C:\Users\Art Weinstein\AppData\Local\Programs\Microsoft VS Code\bin;C:\Users\Art Weinstein\AppData\Roaming\npm;C:\Users\Art Weinstein\.dotnet\tools;."/>
    <property name="java.vm.info" value="mixed mode"/>
    <property name="java.vendor" value="Oracle Corporation"/>
    <property name="java.vm.version" value="25.311-b11"/>
    <property name="java.ext.dirs" value="C:\Program Files\Java\jdk1.8.0_311\jre\lib\ext;C:\WINDOWS\Sun\Java\lib\ext"/>
    <property name="sun.io.unicode.encoding" value="UnicodeLittle"/>
    <property name="java.class.version" value="52.0"/>
  </properties>
  <testcase name="getAllProfileTest" classname="collectionstest.ProfileRepoImplTest" time="4.885">
    <failure message="expected: java.util.ArrayList@1f59a598&lt;[Movie{id=6, firstName=&apos;Sarah&apos;, lasName=Shouse, middleName=M, phoneNumber=555-555-5555}, Movie{id=7, firstName=&apos;Holly&apos;, lasName=Johnston, middleName=M, phoneNumber=555-555-5555}, Movie{id=8, firstName=&apos;Brittany&apos;, lasName=Carter, middleName=B, phoneNumber=555-555-5555}]&gt; but was: java.util.ArrayList@1e178745&lt;[Movie{id=6, firstName=&apos;Sarah&apos;, lasName=Shouse, middleName=M, phoneNumber=555-555-5555}, Movie{id=7, firstName=&apos;Holly&apos;, lasName=Johnston, middleName=M, phoneNumber=555-555-5555}, Movie{id=8, firstName=&apos;Brittany&apos;, lasName=Carter, middleName=B, phoneNumber=555-555-5555}]&gt;" type="org.opentest4j.AssertionFailedError"><![CDATA[org.opentest4j.AssertionFailedError: expected: java.util.ArrayList@1f59a598<[Movie{id=6, firstName='Sarah', lasName=Shouse, middleName=M, phoneNumber=555-555-5555}, Movie{id=7, firstName='Holly', lasName=Johnston, middleName=M, phoneNumber=555-555-5555}, Movie{id=8, firstName='Brittany', lasName=Carter, middleName=B, phoneNumber=555-555-5555}]> but was: java.util.ArrayList@1e178745<[Movie{id=6, firstName='Sarah', lasName=Shouse, middleName=M, phoneNumber=555-555-5555}, Movie{id=7, firstName='Holly', lasName=Johnston, middleName=M, phoneNumber=555-555-5555}, Movie{id=8, firstName='Brittany', lasName=Carter, middleName=B, phoneNumber=555-555-5555}]>
	at collectionstest.ProfileRepoImplTest.getAllProfileTest(ProfileRepoImplTest.java:28)
]]></failure>
    <system-out><![CDATA[Initialization before tests run
Run next test
]]></system-out>
  </testcase>
</testsuite>